<?xml version="1.0" encoding="UTF-8"?>
<testng-results ignored="0" total="1" passed="1" failed="0" skipped="0">
  <reporter-output>
  </reporter-output>
  <suite started-at="2023-05-19T14:59:06 IST" name="Default suite" finished-at="2023-05-19T14:59:39 IST" duration-ms="33030">
    <groups>
      <group name="cucumber">
        <method signature="AbstractTestNGCucumberTests.runScenario(io.cucumber.testng.PickleWrapper,io.cucumber.testng.FeatureWrapper)[pri:0, instance:runner.Test_Run@4f2b503c]" name="runScenario" class="io.cucumber.testng.AbstractTestNGCucumberTests"/>
      </group> <!-- cucumber -->
    </groups>
    <test started-at="2023-05-19T14:59:06 IST" name="Default test" finished-at="2023-05-19T14:59:39 IST" duration-ms="33030">
      <class name="runner.Test_Run">
        <test-method is-config="true" signature="setUpClass(org.testng.ITestContext)[pri:0, instance:runner.Test_Run@4f2b503c]" started-at="2023-05-19T14:59:06 IST" name="setUpClass" finished-at="2023-05-19T14:59:08 IST" duration-ms="1573" status="PASS">
          <params>
            <param index="0">
              <value>
                <![CDATA[org.testng.TestRunner@37045b48]]>
              </value>
            </param>
          </params>
          <reporter-output>
          </reporter-output>
        </test-method> <!-- setUpClass -->
        <test-method signature="runScenario(io.cucumber.testng.PickleWrapper,io.cucumber.testng.FeatureWrapper)[pri:0, instance:runner.Test_Run@4f2b503c]" started-at="2023-05-19T14:59:08 IST" name="runScenario" description="Runs Cucumber Scenarios" data-provider="scenarios" finished-at="2023-05-19T14:59:39 IST" duration-ms="30968" status="PASS">
          <params>
            <param index="0">
              <value>
                <![CDATA["Successfully login to application"]]>
              </value>
            </param>
            <param index="1">
              <value>
                <![CDATA["login to application"]]>
              </value>
            </param>
          </params>
          <reporter-output>
          </reporter-output>
        </test-method> <!-- runScenario -->
        <test-method is-config="true" signature="tearDownClass()[pri:0, instance:runner.Test_Run@4f2b503c]" started-at="2023-05-19T14:59:39 IST" name="tearDownClass" finished-at="2023-05-19T14:59:39 IST" duration-ms="414" status="PASS">
          <reporter-output>
          </reporter-output>
        </test-method> <!-- tearDownClass -->
      </class> <!-- runner.Test_Run -->
    </test> <!-- Default test -->
  </suite> <!-- Default suite -->
</testng-results>
